<?xml version="1.0" encoding="UTF-8"?>
<coverage generated="1540406886">
  <project timestamp="1540406886">
    <package name="App\Boxer\Behavior">
      <file name="/app/Boxer/Behavior/Behavior.php">
        <class name="App\Boxer\Behavior\Behavior" namespace="App\Boxer\Behavior">
          <metrics complexity="5" methods="4" coveredmethods="4" conditionals="0" coveredconditionals="0" statements="8" coveredstatements="8" elements="12" coveredelements="12"/>
        </class>
        <metrics loc="47" ncloc="41" classes="1" methods="4" coveredmethods="4" conditionals="0" coveredconditionals="0" statements="8" coveredstatements="8" elements="12" coveredelements="12"/>
      </file>
      <file name="/app/Boxer/Behavior/BehaviorSchema.php">
        <class name="App\Boxer\Behavior\BehaviorSchema" namespace="App\Boxer\Behavior">
          <metrics complexity="5" methods="2" coveredmethods="2" conditionals="0" coveredconditionals="0" statements="3" coveredstatements="3" elements="5" coveredelements="5"/>
        </class>        <metrics loc="32" ncloc="26" classes="1" methods="2" coveredmethods="2" conditionals="0" coveredconditionals="0" statements="3" coveredstatements="3" elements="5" coveredelements="5"/>
      </file>
    </package>
    <package name="App\Boxer\BoxerBalance">
      <file name="/app/Boxer/BoxerBalance/BoxerBalance.php">
        <class name="App\Boxer\BoxerBalance\BoxerBalance" namespace="App\Boxer\BoxerBalance">
          <metrics complexity="18" methods="11" coveredmethods="8" conditionals="0" coveredconditionals="0" statements="83" coveredstatements="62" elements="94" coveredelements="70"/>
        </class>
        <metrics loc="236" ncloc="192" classes="1" methods="11" coveredmethods="8" conditionals="0" coveredconditionals="0" statements="83" coveredstatements="62" elements="94" coveredelements="70"/>
      </file>
      <file name="/app/Boxer/BoxerBalance/BoxerBalanceController.php">
        <class name="App\Boxer\BoxerBalance\BoxerBalanceController" namespace="App\Boxer\BoxerBalance">
          <metrics complexity="3" methods="1" coveredmethods="0" conditionals="0" coveredconditionals="0" statements="27" coveredstatements="24" elements="28" coveredelements="24"/>
        </class>
        <metrics loc="69" ncloc="58" classes="1" methods="1" coveredmethods="0" conditionals="0" coveredconditionals="0" statements="27" coveredstatements="24" elements="28" coveredelements="24"/>
      </file>
      <file name="/app/Boxer/BoxerBalance/BoxerBalanceCurrentAccount.php">
        <class name="App\Boxer\BoxerBalance\BoxerBalanceCurrentAccount" namespace="App\Boxer\BoxerBalance">
          <metrics complexity="1" methods="1" coveredmethods="0" conditionals="0" coveredconditionals="0" statements="7" coveredstatements="0" elements="8" coveredelements="0"/>
        </class>
        <metrics loc="37" ncloc="31" classes="1" methods="1" coveredmethods="0" conditionals="0" coveredconditionals="0" statements="7" coveredstatements="0" elements="8" coveredelements="0"/>
      </file>
      <file name="/app/Boxer/BoxerBalance/BoxerBalanceCurrentAccountSchema.php">
        <class name="App\Boxer\BoxerBalance\BoxerBalanceCurrentAccountSchema" namespace="App\Boxer\BoxerBalance">
          <metrics complexity="0" methods="0" coveredmethods="0" conditionals="0" coveredconditionals="0" statements="0" coveredstatements="0" elements="0" coveredelements="0"/>
        </class>
        <metrics loc="27" ncloc="21" classes="0" methods="0" coveredmethods="0" conditionals="0" coveredconditionals="0" statements="0" coveredstatements="0" elements="0" coveredelements="0"/>
      </file>
      <file name="/app/Boxer/BoxerBalance/BoxerBalanceCurrentAccountService.php">
        <class name="App\Boxer\BoxerBalance\BoxerBalanceCurrentAccountService" namespace="App\Boxer\BoxerBalance">
          <metrics complexity="1" methods="1" coveredmethods="1" conditionals="0" coveredconditionals="0" statements="1" coveredstatements="1" elements="2" coveredelements="2"/>
        </class>
        <metrics loc="21" ncloc="15" classes="1" methods="1" coveredmethods="1" conditionals="0" coveredconditionals="0" statements="1" coveredstatements="1" elements="2" coveredelements="2"/>
      </file>
      <file name="/app/Boxer/BoxerBalance/BoxerBalanceDetail.php">
        <class name="App\Boxer\BoxerBalance\BoxerBalanceDetail" namespace="App\Boxer\BoxerBalance">
          <metrics complexity="1" methods="1" coveredmethods="1" conditionals="0" coveredconditionals="0" statements="6" coveredstatements="6" elements="7" coveredelements="7"/>
        </class>        <metrics loc="34" ncloc="28" classes="1" methods="1" coveredmethods="1" conditionals="0" coveredconditionals="0" statements="6" coveredstatements="6" elements="7" coveredelements="7"/>
      </file>
      <file name="/app/Boxer/BoxerBalance/BoxerBalanceDetailSchema.php">
        <class name="App\Boxer\BoxerBalance\BoxerBalanceDetailSchema" namespace="App\Boxer\BoxerBalance">
          <metrics complexity="0" methods="0" coveredmethods="0" conditionals="0" coveredconditionals="0" statements="0" coveredstatements="0" elements="0" coveredelements="0"/>
        </class>
        <metrics loc="26" ncloc="20" classes="0" methods="0" coveredmethods="0" conditionals="0" coveredconditionals="0" statements="0" coveredstatements="0" elements="0" coveredelements="0"/>
      </file>
      <file name="/app/Boxer/BoxerBalance/BoxerBalanceDetailService.php">
        <class name="App\Boxer\BoxerBalance\BoxerBalanceDetailService" namespace="App\Boxer\BoxerBalance">
          <metrics complexity="1" methods="1" coveredmethods="1" conditionals="0" coveredconditionals="0" statements="1" coveredstatements="1" elements="2" coveredelements="2"/>
        </class>
        <metrics loc="22" ncloc="15" classes="1" methods="1" coveredmethods="1" conditionals="0" coveredconditionals="0" statements="1" coveredstatements="1" elements="2" coveredelements="2"/>
      </file>
      <file name="/app/Boxer/BoxerBalance/BoxerBalanceFilter.php">
        <class name="App\Boxer\BoxerBalance\BoxerBalanceFilter" namespace="App\Boxer\BoxerBalance">
          <metrics complexity="2" methods="1" coveredmethods="0" conditionals="0" coveredconditionals="0" statements="5" coveredstatements="4" elements="6" coveredelements="4"/>
        </class>
        <metrics loc="28" ncloc="22" classes="1" methods="1" coveredmethods="0" conditionals="0" coveredconditionals="0" statements="5" coveredstatements="4" elements="6" coveredelements="4"/>
      </file>
      <file name="/app/Boxer/BoxerBalance/BoxerBalanceObserver.php">
        <class name="App\Boxer\BoxerBalance\BoxerBalanceObserver" namespace="App\Boxer\BoxerBalance">
          <metrics complexity="10" methods="4" coveredmethods="2" conditionals="0" coveredconditionals="0" statements="16" coveredstatements="14" elements="20" coveredelements="16"/>
        </class>
        <metrics loc="57" ncloc="51" classes="1" methods="4" coveredmethods="2" conditionals="0" coveredconditionals="0" statements="16" coveredstatements="14" elements="20" coveredelements="16"/>
      </file>
      <file name="/app/Boxer/BoxerBalance/BoxerBalancePolicy.php">
        <class name="App\Boxer\BoxerBalance\BoxerBalancePolicy" namespace="App\Boxer\BoxerBalance">
          <metrics complexity="1" methods="1" coveredmethods="1" conditionals="0" coveredconditionals="0" statements="1" coveredstatements="1" elements="2" coveredelements="2"/>
        </class>
        <metrics loc="21" ncloc="15" classes="1" methods="1" coveredmethods="1" conditionals="0" coveredconditionals="0" statements="1" coveredstatements="1" elements="2" coveredelements="2"/>
      </file>
      <file name="/app/Boxer/BoxerBalance/BoxerBalanceSchema.php">
        <class name="App\Boxer\BoxerBalance\BoxerBalanceSchema" namespace="App\Boxer\BoxerBalance">
          <metrics complexity="2" methods="2" coveredmethods="2" conditionals="0" coveredconditionals="0" statements="2" coveredstatements="2" elements="4" coveredelements="4"/>
        </class>
        <metrics loc="69" ncloc="63" classes="1" methods="2" coveredmethods="2" conditionals="0" coveredconditionals="0" statements="2" coveredstatements="2" elements="4" coveredelements="4"/>
      </file>
    </package>
    <package name="App\Boxer\BoxerEntry">
      <file name="/app/Boxer/BoxerEntry/BoxerEntry.php">
        <class name="App\Boxer\BoxerEntry\BoxerEntry" namespace="App\Boxer\BoxerEntry">
          <metrics complexity="14" methods="10" coveredmethods="7" conditionals="0" coveredconditionals="0" statements="30" coveredstatements="22" elements="40" coveredelements="29"/>
        </class>
        <metrics loc="164" ncloc="120" classes="1" methods="10" coveredmethods="7" conditionals="0" coveredconditionals="0" statements="30" coveredstatements="22" elements="40" coveredelements="29"/>
      </file>
      <file name="/app/Boxer/BoxerEntry/BoxerEntryObserver.php">
        <class name="App\Boxer\BoxerEntry\BoxerEntryObserver" namespace="App\Boxer\BoxerEntry">
          <metrics complexity="9" methods="1" coveredmethods="0" conditionals="0" coveredconditionals="0" statements="15" coveredstatements="12" elements="16" coveredelements="12"/>
        </class>
        <metrics loc="44" ncloc="38" classes="1" methods="1" coveredmethods="0" conditionals="0" coveredconditionals="0" statements="15" coveredstatements="12" elements="16" coveredelements="12"/>
      </file>
      <file name="/app/Boxer/BoxerEntry/BoxerEntryPolicy.php">
        <class name="App\Boxer\BoxerEntry\BoxerEntryPolicy" namespace="App\Boxer\BoxerEntry">
          <metrics complexity="4" methods="4" coveredmethods="4" conditionals="0" coveredconditionals="0" statements="4" coveredstatements="4" elements="8" coveredelements="8"/>
        </class>
        <metrics loc="36" ncloc="30" classes="1" methods="4" coveredmethods="4" conditionals="0" coveredconditionals="0" statements="4" coveredstatements="4" elements="8" coveredelements="8"/>
      </file>
      <file name="/app/Boxer/BoxerEntry/BoxerEntrySchema.php">
        <class name="App\Boxer\BoxerEntry\BoxerEntrySchema" namespace="App\Boxer\BoxerEntry">
          <metrics complexity="1" methods="1" coveredmethods="1" conditionals="0" coveredconditionals="0" statements="1" coveredstatements="1" elements="2" coveredelements="2"/>
        </class>
        <metrics loc="48" ncloc="42" classes="1" methods="1" coveredmethods="1" conditionals="0" coveredconditionals="0" statements="1" coveredstatements="1" elements="2" coveredelements="2"/>
      </file>
    </package>
    <package name="App\Boxer\PaymentMethod">
      <file name="/app/Boxer/PaymentMethod/PaymentMethod.php">
        <class name="App\Boxer\PaymentMethod\PaymentMethod" namespace="App\Boxer\PaymentMethod">
          <metrics complexity="2" methods="2" coveredmethods="2" conditionals="0" coveredconditionals="0" statements="2" coveredstatements="2" elements="4" coveredelements="4"/>
        </class>
        <metrics loc="87" ncloc="51" classes="1" methods="2" coveredmethods="2" conditionals="0" coveredconditionals="0" statements="2" coveredstatements="2" elements="4" coveredelements="4"/>
      </file>
      <file name="/app/Boxer/PaymentMethod/PaymentMethodSchema.php">
        <class name="App\Boxer\PaymentMethod\PaymentMethodSchema" namespace="App\Boxer\PaymentMethod">
          <metrics complexity="2" methods="2" coveredmethods="2" conditionals="0" coveredconditionals="0" statements="2" coveredstatements="2" elements="4" coveredelements="4"/>
        </class>
        <metrics loc="44" ncloc="38" classes="1" methods="2" coveredmethods="2" conditionals="0" coveredconditionals="0" statements="2" coveredstatements="2" elements="4" coveredelements="4"/>
      </file>
    </package>
    <package name="App\Boxer\Physicalpos">
      <file name="/app/Boxer/Physicalpos/Physicalpos.php">
        <class name="App\Boxer\Physicalpos\Physicalpos" namespace="App\Boxer\Physicalpos">
          <metrics complexity="5" methods="5" coveredmethods="3" conditionals="0" coveredconditionals="0" statements="6" coveredstatements="4" elements="11" coveredelements="7"/>
        </class>        <metrics loc="113" ncloc="70" classes="1" methods="5" coveredmethods="3" conditionals="0" coveredconditionals="0" statements="6" coveredstatements="4" elements="11" coveredelements="7"/>
      </file>
      <file name="/app/Boxer/Physicalpos/PhysicalposObserver.php">
        <class name="App\Boxer\Physicalpos\PhysicalposObserver" namespace="App\Boxer\Physicalpos">
          <metrics complexity="9" methods="2" coveredmethods="1" conditionals="0" coveredconditionals="0" statements="18" coveredstatements="16" elements="20" coveredelements="17"/>
        </class>
        <metrics loc="54" ncloc="48" classes="1" methods="2" coveredmethods="1" conditionals="0" coveredconditionals="0" statements="18" coveredstatements="16" elements="20" coveredelements="17"/>
      </file>
      <file name="/app/Boxer/Physicalpos/PhysicalposPolicy.php">
        <class name="App\Boxer\Physicalpos\PhysicalposPolicy" namespace="App\Boxer\Physicalpos">
          <metrics complexity="1" methods="1" coveredmethods="1" conditionals="0" coveredconditionals="0" statements="1" coveredstatements="1" elements="2" coveredelements="2"/>
        </class>
        <metrics loc="21" ncloc="15" classes="1" methods="1" coveredmethods="1" conditionals="0" coveredconditionals="0" statements="1" coveredstatements="1" elements="2" coveredelements="2"/>
      </file>
      <file name="/app/Boxer/Physicalpos/PhysicalposSchema.php">
        <class name="App\Boxer\Physicalpos\PhysicalposSchema" namespace="App\Boxer\Physicalpos">
          <metrics complexity="2" methods="2" coveredmethods="2" conditionals="0" coveredconditionals="0" statements="2" coveredstatements="2" elements="4" coveredelements="4"/>
        </class>
        <metrics loc="36" ncloc="30" classes="1" methods="2" coveredmethods="2" conditionals="0" coveredconditionals="0" statements="2" coveredstatements="2" elements="4" coveredelements="4"/>
      </file>
    </package>
    <package name="App\Boxer\Transactions">
      <file name="/app/Boxer/Transactions/GenerateTransactionListener.php">
        <class name="App\Boxer\Transactions\GenerateTransactionListener" namespace="App\Boxer\Transactions">
          <metrics complexity="1" methods="1" coveredmethods="1" conditionals="0" coveredconditionals="0" statements="3" coveredstatements="3" elements="4" coveredelements="4"/>
        </class>
        <metrics loc="24" ncloc="18" classes="1" methods="1" coveredmethods="1" conditionals="0" coveredconditionals="0" statements="3" coveredstatements="3" elements="4" coveredelements="4"/>
      </file>
      <file name="/app/Boxer/Transactions/Transaction.php">
        <class name="App\Boxer\Transactions\Transaction" namespace="App\Boxer\Transactions">
          <metrics complexity="15" methods="9" coveredmethods="5" conditionals="0" coveredconditionals="0" statements="30" coveredstatements="21" elements="39" coveredelements="26"/>
        </class>        <metrics loc="194" ncloc="144" classes="1" methods="9" coveredmethods="5" conditionals="0" coveredconditionals="0" statements="30" coveredstatements="21" elements="39" coveredelements="26"/>
      </file>
      <file name="/app/Boxer/Transactions/TransactionObserver.php">
        <class name="App\Boxer\Transactions\TransactionObserver" namespace="App\Boxer\Transactions">
          <metrics complexity="1" methods="1" coveredmethods="1" conditionals="0" coveredconditionals="0" statements="1" coveredstatements="1" elements="2" coveredelements="2"/>
        </class>
        <metrics loc="19" ncloc="13" classes="1" methods="1" coveredmethods="1" conditionals="0" coveredconditionals="0" statements="1" coveredstatements="1" elements="2" coveredelements="2"/>
      </file>
      <file name="/app/Boxer/Transactions/TransactionPolicy.php">
        <class name="App\Boxer\Transactions\TransactionPolicy" namespace="App\Boxer\Transactions">
          <metrics complexity="7" methods="6" coveredmethods="6" conditionals="0" coveredconditionals="0" statements="10" coveredstatements="10" elements="16" coveredelements="16"/>
        </class>
        <metrics loc="54" ncloc="48" classes="1" methods="6" coveredmethods="6" conditionals="0" coveredconditionals="0" statements="10" coveredstatements="10" elements="16" coveredelements="16"/>
      </file>
      <file name="/app/Boxer/Transactions/TransactionSchema.php">
        <class name="App\Boxer\Transactions\TransactionSchema" namespace="App\Boxer\Transactions">
          <metrics complexity="0" methods="0" coveredmethods="0" conditionals="0" coveredconditionals="0" statements="0" coveredstatements="0" elements="0" coveredelements="0"/>
        </class>
        <metrics loc="50" ncloc="44" classes="0" methods="0" coveredmethods="0" conditionals="0" coveredconditionals="0" statements="0" coveredstatements="0" elements="0" coveredelements="0"/>
      </file>
    </package>
    <package name="App\Santaries">
      <file name="/app/Santaries/Santary.php">
        <class name="App\Santaries\Santary" namespace="App\Santaries">
          <metrics complexity="48" methods="43" coveredmethods="39" conditionals="0" coveredconditionals="0" statements="52" coveredstatements="48" elements="95" coveredelements="87"/>
        </class>        <metrics loc="491" ncloc="368" classes="1" methods="43" coveredmethods="39" conditionals="0" coveredconditionals="0" statements="52" coveredstatements="48" elements="95" coveredelements="87"/>
      </file>
      <file name="/app/Santaries/SantaryController.php">
        <class name="App\Santaries\SantaryController" namespace="App\Santaries">
          <metrics complexity="15" methods="9" coveredmethods="5" conditionals="0" coveredconditionals="0" statements="65" coveredstatements="27" elements="74" coveredelements="32"/>
        </class>
        <metrics loc="210" ncloc="160" classes="1" methods="9" coveredmethods="5" conditionals="0" coveredconditionals="0" statements="65" coveredstatements="27" elements="74" coveredelements="32"/>
      </file>
      <file name="/app/Documents/DocumentDocument.php">
        <class name="App\Documents\DocumentDocument" namespace="App\Documents">
          <metrics complexity="0" methods="0" coveredmethods="0" conditionals="0" coveredconditionals="0" statements="0" coveredstatements="0" elements="0" coveredelements="0"/>
        </class>
        <metrics loc="52" ncloc="23" classes="0" methods="0" coveredmethods="0" conditionals="0" coveredconditionals="0" statements="0" coveredstatements="0" elements="0" coveredelements="0"/>
      </file>
      <file name="/app/Documents/DocumentObserver.php">
        <class name="App\Documents\DocumentObserver" namespace="App\Documents">
          <metrics complexity="25" methods="5" coveredmethods="4" conditionals="0" coveredconditionals="0" statements="57" coveredstatements="45" elements="62" coveredelements="49"/>
        </class>
        <metrics loc="128" ncloc="120" classes="1" methods="5" coveredmethods="4" conditionals="0" coveredconditionals="0" statements="57" coveredstatements="45" elements="62" coveredelements="49"/>
      </file>
    </package>
    <metrics files="411" loc="38573" ncloc="29004" classes="365" methods="1535" coveredmethods="797" conditionals="0" coveredconditionals="0" statements="10652" coveredstatements="5911" elements="12187" coveredelements="6708"/>
  </project>
</coverage>
